[    0.000000] Linux version 4.15.0-159-generic (buildd@lgw01-amd64-055) (gcc version 7.5.0 (Ubuntu 7.5.0-3ubuntu1~18.04)) #167-Ubuntu SMP Tue Sep 21 08:55:05 UTC 2021 (Ubuntu 4.15.0-159.167-generic 4.15.18)
[    0.000000] Command line: BOOT_IMAGE=/boot/vmlinuz-4.15.0-159-generic root=LABEL=cloudimg-rootfs ro console=tty1 console=ttyS0
[    0.000000] KERNEL supported cpus:
[    0.000000]   Intel GenuineIntel
[    0.000000]   AMD AuthenticAMD
[    0.000000]   Centaur CentaurHauls
[    0.000000] x86/fpu: x87 FPU will use FXSAVE
[    0.000000] e820: BIOS-provided physical RAM map:
[    0.000000] BIOS-e820: [mem 0x0000000000000000-0x000000000009fbff] usable
[    0.000000] BIOS-e820: [mem 0x000000000009fc00-0x000000000009ffff] reserved
[    0.000000] BIOS-e820: [mem 0x00000000000f0000-0x00000000000fffff] reserved
[    0.000000] BIOS-e820: [mem 0x0000000000100000-0x000000001ffeffff] usable
[    0.000000] BIOS-e820: [mem 0x000000001fff0000-0x000000001fffffff] ACPI data
[    0.000000] BIOS-e820: [mem 0x00000000fec00000-0x00000000fec00fff] reserved
[    0.000000] BIOS-e820: [mem 0x00000000fee00000-0x00000000fee00fff] reserved
[    0.000000] BIOS-e820: [mem 0x00000000fffc0000-0x00000000ffffffff] reserved
[    0.000000] NX (Execute Disable) protection: active
[    0.000000] SMBIOS 2.5 present.
[    0.000000] DMI: innotek GmbH VirtualBox/VirtualBox, BIOS VirtualBox 12/01/2006
[    0.000000] Hypervisor detected: KVM
[    0.000000] e820: last_pfn = 0x1fff0 max_arch_pfn = 0x400000000
[    0.000000] MTRR: Disabled
[    0.000000] x86/PAT: MTRRs disabled, skipping PAT initialization too.
[    0.000000] CPU MTRRs all blank - virtualized system.
[    0.000000] x86/PAT: Configuration [0-7]: WB  WT  UC- UC  WB  WT  UC- UC  
[    0.000000] found SMP MP-table at [mem 0x0009fff0-0x0009ffff]
[    0.000000] Scanning 1 areas for low memory corruption
[    0.000000] RAMDISK: [mem 0x1db1e000-0x1ee2ffff]
[    0.000000] ACPI: Early table checksum verification disabled
[    0.000000] ACPI: RSDP 0x00000000000E0000 000024 (v02 VBOX  )
[    0.000000] ACPI: XSDT 0x000000001FFF0030 00003C (v01 VBOX   VBOXXSDT 00000001 ASL  00000061)
[    0.000000] ACPI: FACP 0x000000001FFF00F0 0000F4 (v04 VBOX   VBOXFACP 00000001 ASL  00000061)
[    0.000000] ACPI: DSDT 0x000000001FFF0470 002325 (v02 VBOX   VBOXBIOS 00000002 INTL 20100528)
[    0.000000] ACPI: FACS 0x000000001FFF0200 000040
[    0.000000] ACPI: FACS 0x000000001FFF0200 000040
[    0.000000] ACPI: APIC 0x000000001FFF0240 000054 (v02 VBOX   VBOXAPIC 00000001 ASL  00000061)
[    0.000000] ACPI: SSDT 0x000000001FFF02A0 0001CC (v01 VBOX   VBOXCPUT 00000002 INTL 20100528)
[    0.000000] ACPI: Reserving FACP table memory at [mem 0x1fff00f0-0x1fff01e3]
[    0.000000] ACPI: Reserving DSDT table memory at [mem 0x1fff0470-0x1fff2794]
[    0.000000] ACPI: Reserving FACS table memory at [mem 0x1fff0200-0x1fff023f]
[    0.000000] ACPI: Reserving FACS table memory at [mem 0x1fff0200-0x1fff023f]
[    0.000000] ACPI: Reserving APIC table memory at [mem 0x1fff0240-0x1fff0293]
[    0.000000] ACPI: Reserving SSDT table memory at [mem 0x1fff02a0-0x1fff046b]
[    0.000000] No NUMA configuration found
[    0.000000] Faking a node at [mem 0x0000000000000000-0x000000001ffeffff]
[    0.000000] NODE_DATA(0) allocated [mem 0x1ffc5000-0x1ffeffff]
[    0.000000] kvm-clock: cpu 0, msr 0:1ff44001, primary cpu clock
[    0.000000] kvm-clock: Using msrs 4b564d01 and 4b564d00
[    0.000000] kvm-clock: using sched offset of 6912915770 cycles
[    0.000000] clocksource: kvm-clock: mask: 0xffffffffffffffff max_cycles: 0x1cd42e4dffb, max_idle_ns: 881590591483 ns
[    0.000000] Zone ranges:
[    0.000000]   DMA      [mem 0x0000000000001000-0x0000000000ffffff]
[    0.000000]   DMA32    [mem 0x0000000001000000-0x000000001ffeffff]
[    0.000000]   Normal   empty
[    0.000000]   Device   empty
[    0.000000] Movable zone start for each node
[    0.000000] Early memory node ranges
[    0.000000]   node   0: [mem 0x0000000000001000-0x000000000009efff]
[    0.000000]   node   0: [mem 0x0000000000100000-0x000000001ffeffff]
[    0.000000] Reserved but unavailable: 104 pages
[    0.000000] Initmem setup node 0 [mem 0x0000000000001000-0x000000001ffeffff]
[    0.000000] ACPI: PM-Timer IO Port: 0x4008
[    0.000000] IOAPIC[0]: apic_id 1, version 32, address 0xfec00000, GSI 0-23
[    0.000000] ACPI: INT_SRC_OVR (bus 0 bus_irq 0 global_irq 2 dfl dfl)
[    0.000000] ACPI: INT_SRC_OVR (bus 0 bus_irq 9 global_irq 9 low level)
[    0.000000] Using ACPI (MADT) for SMP configuration information
[    0.000000] smpboot: Allowing 1 CPUs, 0 hotplug CPUs
[    0.000000] PM: Registered nosave memory: [mem 0x00000000-0x00000fff]
[    0.000000] PM: Registered nosave memory: [mem 0x0009f000-0x0009ffff]
[    0.000000] PM: Registered nosave memory: [mem 0x000a0000-0x000effff]
[    0.000000] PM: Registered nosave memory: [mem 0x000f0000-0x000fffff]
[    0.000000] e820: [mem 0x20000000-0xfebfffff] available for PCI devices
[    0.000000] Booting paravirtualized kernel on KVM
[    0.000000] clocksource: refined-jiffies: mask: 0xffffffff max_cycles: 0xffffffff, max_idle_ns: 7645519600211568 ns
[    0.000000] random: get_random_bytes called from start_kernel+0x99/0x500 with crng_init=0
[    0.000000] setup_percpu: NR_CPUS:8192 nr_cpumask_bits:1 nr_cpu_ids:1 nr_node_ids:1
[    0.000000] percpu: Embedded 45 pages/cpu s147456 r8192 d28672 u2097152
[    0.000000] PV qspinlock hash table entries: 256 (order: 0, 4096 bytes)
[    0.000000] Built 1 zonelists, mobility grouping on.  Total pages: 128889
[    0.000000] Policy zone: DMA32
[    0.000000] Kernel command line: BOOT_IMAGE=/boot/vmlinuz-4.15.0-159-generic root=LABEL=cloudimg-rootfs ro console=tty1 console=ttyS0
[    0.000000] Memory: 466792K/523832K available (12300K kernel code, 2483K rwdata, 4320K rodata, 2448K init, 2724K bss, 57040K reserved, 0K cma-reserved)
[    0.000000] SLUB: HWalign=64, Order=0-3, MinObjects=0, CPUs=1, Nodes=1
[    0.000000] Kernel/User page tables isolation: enabled
[    0.000000] ftrace: allocating 39471 entries in 155 pages
[    0.004000] Hierarchical RCU implementation.
[    0.004000] 	RCU restricting CPUs from NR_CPUS=8192 to nr_cpu_ids=1.
[    0.004000] 	Tasks RCU enabled.
[    0.004000] RCU: Adjusting geometry for rcu_fanout_leaf=16, nr_cpu_ids=1
[    0.004000] NR_IRQS: 524544, nr_irqs: 256, preallocated irqs: 16
[    0.004000] Console: colour VGA+ 80x25
[    0.004000] console [tty1] enabled
[    0.004000] console [ttyS0] enabled
[    0.004000] ACPI: Core revision 20170831
[    0.004000] ACPI: 2 ACPI AML tables successfully acquired and loaded
[    0.004000] APIC: Switch to symmetric I/O mode setup
[    0.012000] ..TIMER: vector=0x30 apic1=0 pin1=2 apic2=-1 pin2=-1
[    0.012029] tsc: Detected 2591.996 MHz processor
[    0.016020] Calibrating delay loop (skipped) preset value.. 5183.99 BogoMIPS (lpj=10367984)
[    0.020008] pid_max: default: 32768 minimum: 301
[    0.024050] Security Framework initialized
[    0.028009] Yama: becoming mindful.
[    0.032036] AppArmor: AppArmor initialized
[    0.036151] Dentry cache hash table entries: 65536 (order: 7, 524288 bytes)
[    0.040045] Inode-cache hash table entries: 32768 (order: 6, 262144 bytes)
[    0.044048] Mount-cache hash table entries: 1024 (order: 1, 8192 bytes)
[    0.048014] Mountpoint-cache hash table entries: 1024 (order: 1, 8192 bytes)
[    0.058034] Last level iTLB entries: 4KB 64, 2MB 8, 4MB 8
[    0.060015] Last level dTLB entries: 4KB 64, 2MB 0, 4MB 0, 1GB 4
[    0.064009] Spectre V1 : Mitigation: usercopy/swapgs barriers and __user pointer sanitization
[    0.068007] Spectre V2 : Mitigation: Full generic retpoline
[    0.072009] Spectre V2 : Spectre v2 / SpectreRSB mitigation: Filling RSB on context switch
[    0.076007] Speculative Store Bypass: Vulnerable
[    0.080068] MDS: Mitigation: Clear CPU buffers
[    0.092000] Freeing SMP alternatives memory: 36K
[    0.204560] smpboot: CPU0: Intel(R) Core(TM) i7-6700HQ CPU @ 2.60GHz (family: 0x6, model: 0x5e, stepping: 0x3)
[    0.208264] Performance Events: unsupported p6 CPU model 94 no PMU driver, software events only.
[    0.212058] Hierarchical SRCU implementation.
[    0.216663] NMI watchdog: Perf event create on CPU 0 failed with -2
[    0.220006] NMI watchdog: Perf NMI watchdog permanently disabled
[    0.224079] smp: Bringing up secondary CPUs ...
[    0.228130] smp: Brought up 1 node, 1 CPU
[    0.232008] smpboot: Max logical packages: 1
[    0.236016] smpboot: Total of 1 processors activated (5183.99 BogoMIPS)
[    0.240176] devtmpfs: initialized
[    0.244072] x86/mm: Memory block size: 128MB
[    0.248149] evm: security.selinux
[    0.252011] evm: security.SMACK64
[    0.256005] evm: security.SMACK64EXEC
[    0.260007] evm: security.SMACK64TRANSMUTE
[    0.264007] evm: security.SMACK64MMAP
[    0.268006] evm: security.apparmor
[    0.272015] evm: security.ima
[    0.276006] evm: security.capability
[    0.280137] clocksource: jiffies: mask: 0xffffffff max_cycles: 0xffffffff, max_idle_ns: 7645041785100000 ns
[    0.284024] futex hash table entries: 256 (order: 2, 16384 bytes)
[    0.288061] pinctrl core: initialized pinctrl subsystem
[    0.292518] RTC time: 18:06:26, date: 10/09/21
[    0.300095] NET: Registered protocol family 16
[    0.304086] audit: initializing netlink subsys (disabled)
[    0.308209] cpuidle: using governor ladder
[    0.312013] audit: type=2000 audit(1633802793.631:1): state=initialized audit_enabled=0 res=1
[    0.316014] cpuidle: using governor menu
[    0.320078] ACPI: bus type PCI registered
[    0.324008] acpiphp: ACPI Hot Plug PCI Controller Driver version: 0.5
[    0.328667] PCI: Using configuration type 1 for base access
[    0.333452] HugeTLB registered 2.00 MiB page size, pre-allocated 0 pages
[    0.336197] ACPI: Added _OSI(Module Device)
[    0.340012] ACPI: Added _OSI(Processor Device)
[    0.344013] ACPI: Added _OSI(3.0 _SCP Extensions)
[    0.348011] ACPI: Added _OSI(Processor Aggregator Device)
[    0.352026] ACPI: Added _OSI(Linux-Dell-Video)
[    0.356030] ACPI: Added _OSI(Linux-Lenovo-NV-HDMI-Audio)
[    0.360014] ACPI: Added _OSI(Linux-HPI-Hybrid-Graphics)
[    0.368716] ACPI: Executed 1 blocks of module-level executable AML code
[    0.378464] ACPI: Interpreter enabled
[    0.380018] ACPI: (supports S0 S5)
[    0.384004] ACPI: Using IOAPIC for interrupt routing
[    0.392493] PCI: Using host bridge windows from ACPI; if necessary, use "pci=nocrs" and report a bug
[    0.396564] ACPI: Enabled 2 GPEs in block 00 to 07
[    0.415090] ACPI: PCI Root Bridge [PCI0] (domain 0000 [bus 00-ff])
[    0.420083] acpi PNP0A03:00: _OSC: OS supports [ASPM ClockPM Segments MSI]
[    0.428277] acpi PNP0A03:00: _OSC: not requesting OS control; OS requires [ExtendedConfig ASPM ClockPM MSI]
[    0.432024] acpi PNP0A03:00: fail to add MMCONFIG information, can't access extended PCI configuration space under this bridge.
[    0.436970] PCI host bridge to bus 0000:00
[    0.440010] pci_bus 0000:00: root bus resource [io  0x0000-0x0cf7 window]
[    0.444010] pci_bus 0000:00: root bus resource [io  0x0d00-0xffff window]
[    0.448012] pci_bus 0000:00: root bus resource [mem 0x000a0000-0x000bffff window]
[    0.452009] pci_bus 0000:00: root bus resource [mem 0x20000000-0xfdffffff window]
[    0.456011] pci_bus 0000:00: root bus resource [bus 00-ff]
[    0.472927] pci 0000:00:01.1: legacy IDE quirk: reg 0x10: [io  0x01f0-0x01f7]
[    0.476018] pci 0000:00:01.1: legacy IDE quirk: reg 0x14: [io  0x03f6]
[    0.480009] pci 0000:00:01.1: legacy IDE quirk: reg 0x18: [io  0x0170-0x0177]
[    0.484010] pci 0000:00:01.1: legacy IDE quirk: reg 0x1c: [io  0x0376]
[    0.580803] pci 0000:00:07.0: quirk: [io  0x4000-0x403f] claimed by PIIX4 ACPI
[    0.584048] pci 0000:00:07.0: quirk: [io  0x4100-0x410f] claimed by PIIX4 SMB
[    0.620280] ACPI: PCI Interrupt Link [LNKA] (IRQs 5 9 10 *11)
[    0.628096] ACPI: PCI Interrupt Link [LNKB] (IRQs 5 9 *10 11)
[    0.632283] ACPI: PCI Interrupt Link [LNKC] (IRQs 5 *9 10 11)
[    0.636260] ACPI: PCI Interrupt Link [LNKD] (IRQs 5 9 10 *11)
[    0.644110] SCSI subsystem initialized
[    0.648142] pci 0000:00:02.0: vgaarb: setting as boot VGA device
[    0.652000] pci 0000:00:02.0: vgaarb: VGA device added: decodes=io+mem,owns=io+mem,locks=none
[    0.652009] pci 0000:00:02.0: vgaarb: bridge control possible
[    0.656006] vgaarb: loaded
[    0.660045] ACPI: bus type USB registered
[    0.664057] usbcore: registered new interface driver usbfs
[    0.668036] usbcore: registered new interface driver hub
[    0.672042] usbcore: registered new device driver usb
[    0.676120] EDAC MC: Ver: 3.0.0
[    0.684695] PCI: Using ACPI for IRQ routing
[    0.692405] NetLabel: Initializing
[    0.696026] NetLabel:  domain hash size = 128
[    0.700008] NetLabel:  protocols = UNLABELED CIPSOv4 CALIPSO
[    0.704047] NetLabel:  unlabeled traffic allowed by default
[    0.708264] clocksource: Switched to clocksource kvm-clock
[    0.803445] VFS: Disk quotas dquot_6.6.0
[    0.808464] VFS: Dquot-cache hash table entries: 512 (order 0, 4096 bytes)
[    0.818629] AppArmor: AppArmor Filesystem Enabled
[    0.825053] pnp: PnP ACPI init
[    0.831899] pnp: PnP ACPI: found 3 devices
[    0.847581] clocksource: acpi_pm: mask: 0xffffff max_cycles: 0xffffff, max_idle_ns: 2085701024 ns
[    0.859655] NET: Registered protocol family 2
[    0.866382] IP idents hash table entries: 8192 (order: 4, 65536 bytes)
[    0.874908] TCP established hash table entries: 4096 (order: 3, 32768 bytes)
[    0.886056] TCP bind hash table entries: 4096 (order: 4, 65536 bytes)
[    0.894985] TCP: Hash tables configured (established 4096 bind 4096)
[    0.903986] UDP hash table entries: 256 (order: 1, 8192 bytes)
[    0.911357] UDP-Lite hash table entries: 256 (order: 1, 8192 bytes)
[    0.920263] NET: Registered protocol family 1
[    0.925721] pci 0000:00:00.0: Limiting direct PCI/PCI transfers
[    0.934351] pci 0000:00:01.0: Activating ISA DMA hang workarounds
[    0.942649] pci 0000:00:02.0: Video device with shadowed ROM at [mem 0x000c0000-0x000dffff]
[    0.954332] Unpacking initramfs...
[    1.724173] Freeing initrd memory: 19528K
[    1.730988] clocksource: tsc: mask: 0xffffffffffffffff max_cycles: 0x255cb30caa3, max_idle_ns: 440795217292 ns
[    1.745412] platform rtc_cmos: registered platform RTC device (no PNP device found)
[    1.757210] Scanning for low memory corruption every 60 seconds
[    1.765871] Initialise system trusted keyrings
[    1.772333] Key type blacklist registered
[    1.778216] workingset: timestamp_bits=36 max_order=17 bucket_order=0
[    1.793467] zbud: loaded
[    1.799294] squashfs: version 4.0 (2009/01/31) Phillip Lougher
[    1.808677] fuse init (API version 7.26)
[    1.820717] Key type asymmetric registered
[    1.827962] Asymmetric key parser 'x509' registered
[    1.838603] Block layer SCSI generic (bsg) driver version 0.4 loaded (major 246)
[    1.851502] io scheduler noop registered
[    1.857163] io scheduler deadline registered
[    1.864017] io scheduler cfq registered (default)
[    1.874088] ACPI: AC Adapter [AC] (on-line)
[    1.880256] input: Power Button as /devices/LNXSYSTM:00/LNXPWRBN:00/input/input0
[    1.894020] ACPI: Power Button [PWRF]
[    1.900605] input: Sleep Button as /devices/LNXSYSTM:00/LNXSLPBN:00/input/input1
[    1.910117] ACPI: Sleep Button [SLPF]
[    1.918867] ACPI: Battery Slot [BAT0] (battery present)
[    1.925294] Serial: 8250/16550 driver, 32 ports, IRQ sharing enabled
[    1.973467] 00:02: ttyS0 at I/O 0x3f8 (irq = 4, base_baud = 115200) is a 16550A
[    1.988782] Linux agpgart interface v0.103
[    2.005084] loop: module loaded
[    2.011694] scsi host0: ata_piix
[    2.017597] scsi host1: ata_piix
[    2.023137] ata1: PATA max UDMA/33 cmd 0x1f0 ctl 0x3f6 bmdma 0xd000 irq 14
[    2.031276] ata2: PATA max UDMA/33 cmd 0x170 ctl 0x376 bmdma 0xd008 irq 15
[    2.046048] libphy: Fixed MDIO Bus: probed
[    2.053423] tun: Universal TUN/TAP device driver, 1.6
[    2.060373] PPP generic driver version 2.4.2
[    2.065963] ehci_hcd: USB 2.0 'Enhanced' Host Controller (EHCI) Driver
[    2.074069] ehci-pci: EHCI PCI platform driver
[    2.080832] ehci-platform: EHCI generic platform driver
[    2.088840] ohci_hcd: USB 1.1 'Open' Host Controller (OHCI) Driver
[    2.098439] ohci-pci: OHCI PCI platform driver
[    2.106791] ohci-platform: OHCI generic platform driver
[    2.113735] uhci_hcd: USB Universal Host Controller Interface driver
[    2.122629] i8042: PNP: PS/2 Controller [PNP0303:PS2K,PNP0f03:PS2M] at 0x60,0x64 irq 1,12
[    2.139204] serio: i8042 KBD port at 0x60,0x64 irq 1
[    2.146420] serio: i8042 AUX port at 0x60,0x64 irq 12
[    2.154663] mousedev: PS/2 mouse device common for all mice
[    2.164403] input: AT Translated Set 2 keyboard as /devices/platform/i8042/serio0/input/input2
[    2.177159] rtc_cmos rtc_cmos: rtc core: registered rtc_cmos as rtc0
[    2.188554] rtc_cmos rtc_cmos: alarms up to one day, 114 bytes nvram
[    2.196496] i2c /dev entries driver
[    2.201745] device-mapper: uevent: version 1.0.3
[    2.280856] device-mapper: ioctl: 4.37.0-ioctl (2017-09-20) initialised: dm-devel@redhat.com
[    2.293717] ledtrig-cpu: registered to indicate activity on CPUs
[    2.301927] NET: Registered protocol family 10
[    2.313579] Segment Routing with IPv6
[    2.319574] NET: Registered protocol family 17
[    2.324932] Key type dns_resolver registered
[    2.330830] mce: Using 0 MCE banks
[    2.337076] RAS: Correctable Errors collector initialized.
[    2.345291] sched_clock: Marking stable (2345143304, 0)->(3981668959, -1636525655)
[    2.357336] registered taskstats version 1
[    2.363398] Loading compiled-in X.509 certificates
[    2.374197] Loaded X.509 cert 'Build time autogenerated kernel key: bf5768e0b2369bd53acb56866ca104cf5a2c379b'
[    2.389057] Loaded X.509 cert 'Canonical Ltd. Live Patch Signing: 14df34d1a87cf37625abec039ef2bf521249b969'
[    2.403276] Loaded X.509 cert 'Canonical Ltd. Kernel Module Signing: 88f752e560a1e0737e31163a466ad7b70a850c19'
[    2.415685] zswap: loaded using pool lzo/zbud
[    2.430118] Key type big_key registered
[    2.436102] Key type trusted registered
[    2.443793] Key type encrypted registered
[    2.449676] AppArmor: AppArmor sha1 policy hashing enabled
[    2.456635] ima: No TPM chip found, activating TPM-bypass! (rc=-19)
[    2.464505] ima: Allocated hash algorithm: sha1
[    2.471265] evm: HMAC attrs: 0x1
[    2.477180]   Magic number: 9:674:139
[    2.482997] rtc_cmos rtc_cmos: setting system clock to 2021-10-09 18:06:29 UTC (1633802789)
[    2.494434] BIOS EDD facility v0.16 2004-Jun-25, 0 devices found
[    2.504958] EDD information not available.
[    2.514611] Freeing unused kernel image memory: 2448K
[    2.528748] Write protecting the kernel read-only data: 20480k
[    2.537521] Freeing unused kernel image memory: 2008K
[    2.545227] Freeing unused kernel image memory: 1824K
[    2.558567] x86/mm: Checked W+X mappings: passed, no W+X pages found.
[    2.567331] x86/mm: Checking user space page tables
[    2.580805] x86/mm: Checked W+X mappings: passed, no W+X pages found.
Loading, please wait...
starting version 237
[    2.749395] e1000: Intel(R) PRO/1000 Network Driver - version 7.3.21-k8-NAPI
[    2.760456] e1000: Copyright (c) 1999-2006 Intel Corporation.
[    2.779617] Fusion MPT base driver 3.04.20
[    2.785311] Copyright (c) 1999-2008 LSI Corporation
[    2.877819] Fusion MPT SPI Host driver 3.04.20
[    3.092765] input: ImExPS/2 Generic Explorer Mouse as /devices/platform/i8042/serio1/input/input4
[    3.792444] e1000 0000:00:03.0 eth0: (PCI:33MHz:32-bit) 02:2f:77:f1:0c:e0
[    3.800655] e1000 0000:00:03.0 eth0: Intel(R) PRO/1000 Network Connection
[    3.811282] mptbase: ioc0: Initiating bringup
[    3.920344] ioc0: LSI53C1030 A0: Capabilities={Initiator}
[    4.184654] scsi host2: ioc0: LSI53C1030 A0, FwRev=00000000h, Ports=1, MaxQ=256, IRQ=20
[    4.362271] scsi 2:0:0:0: Direct-Access     VBOX     HARDDISK         1.0  PQ: 0 ANSI: 5
[    4.377460] scsi target2:0:0: Beginning Domain Validation
[    4.387895] random: fast init done
[    4.402327] scsi target2:0:0: Domain Validation skipping write tests
[    4.413398] scsi target2:0:0: Ending Domain Validation
[    4.444492] scsi target2:0:0: asynchronous
[    4.484773] scsi 2:0:1:0: Direct-Access     VBOX     HARDDISK         1.0  PQ: 0 ANSI: 5
[    4.506310] scsi target2:0:1: Beginning Domain Validation
[    4.624782] scsi target2:0:1: Domain Validation skipping write tests
[    4.633921] scsi target2:0:1: Ending Domain Validation
[    4.653067] scsi target2:0:1: asynchronous
[    4.822709] sd 2:0:0:0: Attached scsi generic sg0 type 0
[    4.830112] sd 2:0:0:0: [sda] 83886080 512-byte logical blocks: (42.9 GB/40.0 GiB)
[    4.841915] sd 2:0:1:0: Attached scsi generic sg1 type 0
[    4.849067] sd 2:0:1:0: [sdb] 20480 512-byte logical blocks: (10.5 MB/10.0 MiB)
[    4.859840] random: systemd-udevd: uninitialized urandom read (16 bytes read)
[    4.870431] sd 2:0:0:0: [sda] Write Protect is off
[    4.877826] sd 2:0:1:0: [sdb] Write Protect is off
[    4.894708] sd 2:0:0:0: [sda] Incomplete mode parameter data
[    4.902990] sd 2:0:0:0: [sda] Assuming drive cache: write through
[    4.911244] sd 2:0:1:0: [sdb] Incomplete mode parameter data
[    4.919217] sd 2:0:1:0: [sdb] Assuming drive cache: write through
[    4.929104] random: systemd-udevd: uninitialized urandom read (16 bytes read)
[    4.955393]  sda: sda1
[    4.960802] random: systemd-udevd: uninitialized urandom read (16 bytes read)
[    4.977490] sd 2:0:1:0: [sdb] Attached SCSI disk
[    4.985206] sd 2:0:0:0: [sda] Attached SCSI disk
[    5.522503] e1000 0000:00:08.0 eth1: (PCI:33MHz:32-bit) 08:00:27:fc:00:3e
[    5.531314] e1000 0000:00:08.0 eth1: Intel(R) PRO/1000 Network Connection
[    5.542454] e1000 0000:00:08.0 enp0s8: renamed from eth1
[    5.566121] e1000 0000:00:03.0 enp0s3: renamed from eth0
Begin: Loading essential drivers ... [    8.140437] raid6: sse2x1   gen()  8268 MB/s
[    8.204147] raid6: sse2x1   xor()  5883 MB/s
[    8.268217] raid6: sse2x2   gen()  9980 MB/s
[    8.324246] raid6: sse2x2   xor()  6907 MB/s
[    8.388396] raid6: sse2x4   gen() 11684 MB/s
[    8.451039] raid6: sse2x4   xor()  6976 MB/s
[    8.457393] raid6: using algorithm sse2x4 gen() 11684 MB/s
[    8.464876] raid6: .... xor() 6976 MB/s, rmw enabled
[    8.471055] raid6: using ssse3x2 recovery algorithm
[    8.481448] xor: measuring software checksum speed
[    8.592194]    prefetch64-sse: 35602.000 MB/sec
[    8.700354]    generic_sse: 36078.000 MB/sec
[    8.708634] xor: using function: generic_sse (36078.000 MB/sec)
[    8.726967] async_tx: api initialized (async)
done.
Begin: Running /scripts/init-premount ... done.
Begin: Mounting root file system ... Begin: Running /scripts/local-top ... done.
Begin: Running /scripts/local-premount ... [    8.824012] Btrfs loaded, crc32c=crc32c-intel
Scanning for Btrfs filesystems
done.
Warning: fsck not present, so skipping root file system
[    8.914198] EXT4-fs (sda1): INFO: recovery required on readonly filesystem
[    8.922134] EXT4-fs (sda1): write access will be enabled during recovery
[   10.416948] EXT4-fs (sda1): recovery complete
[   10.428358] EXT4-fs (sda1): mounted filesystem with ordered data mode. Opts: (null)
done.
Begin: Running /scripts/local-bottom ... done.
Begin: Running /scripts/init-bottom ... done.
[   10.870513] ip_tables: (C) 2000-2006 Netfilter Core Team
[   11.021097] systemd[1]: systemd 237 running in system mode. (+PAM +AUDIT +SELINUX +IMA +APPARMOR +SMACK +SYSVINIT +UTMP +LIBCRYPTSETUP +GCRYPT +GNUTLS +ACL +XZ +LZ4 +SECCOMP +BLKID +ELFUTILS +KMOD -IDN2 +IDN -PCRE2 default-hierarchy=hybrid)
[   11.050511] systemd[1]: Detected virtualization oracle.
[   11.057963] systemd[1]: Detected architecture x86-64.

Welcome to [1mUbuntu 18.04.6 LTS[0m!

[   11.074114] systemd[1]: Set hostname to <worker03>.
[   11.516538] random: crng init done
[   11.521805] random: 7 urandom warning(s) missed due to ratelimiting
[   11.796946] systemd[1]: Started Forward Password Requests to Wall Directory Watch.
[[0;32m  OK  [0m] Started Forward Password Requests to Wall Directory Watch.
[   11.815659] systemd[1]: Created slice System Slice.
[[0;32m  OK  [0m] Created slice System Slice.
[   11.827875] systemd[1]: Listening on Device-mapper event daemon FIFOs.
[[0;32m  OK  [0m] Listening on Device-mapper event daemon FIFOs.
[   11.842652] systemd[1]: Listening on fsck to fsckd communication Socket.
[[0;32m  OK  [0m] Listening on fsck to fsckd communication Socket.
[   11.858490] systemd[1]: Listening on Journal Socket.
[[0;32m  OK  [0m] Listening on Journal Socket.
[   11.875170] systemd[1]: Starting Create list of required static device nodes for the current kernel...
         Starting Create list of required st…ce nodes for the current kernel...
         Mounting Kernel Debug File System...
[[0;32m  OK  [0m] Listening on Network Service Netlink Socket.
[[0;32m  OK  [0m] Listening on Syslog Socket.
         Starting File System Check on Root Device...
         Mounting Huge Pages File System...
[[0;32m  OK  [0m] Listening on LVM2 metadata daemon socket.
         Starting Monitoring of LVM2 mirrors…ng dmeventd or progress polling...
[[0;32m  OK  [0m] Listening on /dev/initctl Compatibility Named Pipe.
[[0;32m  OK  [0m] Listening on LVM2 poll daemon socket.
[[0;32m  OK  [0m] Created slice system-serial\x2dgetty.slice.
[[0;32m  OK  [0m] Reached target System Time Synchronized.
[[0;32m  OK  [0m] Listening on Journal Audit Socket.
         Starting Uncomplicated firewall...
         Mounting POSIX Message Queue File System...
         Starting Set the console keyboard layout...
[[0;32m  OK  [0m] Listening on Journal Socket (/dev/log).
         Starting Journal Service...
[[0;32m  OK  [0m] Listening on udev Control Socket.
[[0;32m  OK  [0m] Created slice User and Session Slice.
[[0;32m  OK  [0m] Reached target Slices.
[[0;32m  OK  [0m] Reached target User and Group Name Lookups.
[[0;32m  OK  [0m] Listening on udev Kernel Socket.
         Starting udev Coldplug all Devices...
         Starting Load Kernel Modules...
[[0;32m  OK  [0m] Reached target Swap.
[[0;32m  OK  [0m] Set up automount Arbitrary Executab…rmats File System Automount Point.
[[0;32m  OK  [0m] Started Create list of required sta…vice nodes for the current kernel.
[[0;32m  OK  [0m] Started Journal Service.
[   12.342511] Loading iSCSI transport class v2.0-870.
[[0;32m  OK  [0m] Mounted Kernel Debug File System.
[[0;32m  OK  [0m] Started File System Check on Root Device.
[[0;32m  OK  [0m] Mounted Huge Pages File System.
[[0;32m  OK  [0m] Started Uncomplicated firewall.
[[0;32m  OK  [0m] Mounted POSIX Message Queue File System.
[[0;32m  OK  [0m] Started LVM2 metadata daemon.
[[0;32m  OK  [0m] Started File System Check Daemon to report status.
         Starting Remount Root and Kernel File Systems...[   12.457819] iscsi: registered transport (tcp)

         Starting Create Static Device Nodes in /dev...
[   12.575781] EXT4-fs (sda1): re-mounted. Opts: (null)
[[0;32m  OK  [0m] Started Monitoring of LVM2 mirrors,…sing dmeventd or progress polling.
[[0;32m  OK  [0m] Started Remount Root and Kernel File Systems.
         Starting Load/Save Random Seed...
         Starting Flush Journal to Persistent Storage...
[[0;32m  OK  [0m] Started Create Static Device Nodes in /dev.
         Starting udev Kernel Device Manager...
[   12.695164] systemd-journald[390]: Received request to flush runtime journal from PID 1
[[0;32m  OK  [0m] Started udev Coldplug all Devices.
[[0;32m  OK  [0m] Started Set the console keyboard layout.
[[0;32m  OK  [0m] Reached target Local File Systems (Pre).
[[0;32m  OK  [0m] Reached target Local File Systems.
         Starting Set console font and keymap...
[   12.834668] iscsi: registered transport (iser)
         Starting AppArmor initialization...
         Starting ebtables ruleset management...
         Starting Tell Plymouth To Write Out Runtime Data...
[[0;32m  OK  [0m[   12.897070] systemd-journald[390]: File /var/log/journal/f5e635b03d3f4b6fb9567970c6be390a/system.journal corrupted or uncleanly shut down, renaming and replacing.
] Started udev Kernel Device Manager.
[[0;32m  OK  [0m] Started Load Kernel Modules.
[[0;32m  OK  [0m] Started Load/Save Random Seed.
[[0;32m  OK  [0m] Started Set console font and keymap.
         Starting Apply Kernel Variables...
         Mounting FUSE Control File System...
         Mounting Kernel Configuration File System...
[[0;32m  OK  [0m] Started Dispatch Password Requests to Console Directory Watch.
[[0;32m  OK  [0m] Reached target Local Encrypted Volumes.
[[0;32m  OK  [0m] Mounted Kernel Configuration File System.
[[0;32m  OK  [0m] Started Tell Plymouth To Write Out Runtime Data.
[[0;32m  OK  [0m] Mounted FUSE Control File System.
[[0;32m  OK  [0m] Started Apply Kernel Variables.
[[0;32m  OK  [0m] Started ebtables ruleset management.
[[0;32m  OK  [0m] Started Flush Journal to Persistent Storage.
         Starting Create Volatile Files and Directories...
[[0;32m  OK  [0m] Started Create Volatile Files and Directories.
         Starting Update UTMP about System Boot/Shutdown...
[[0;32m  OK  [0m] Started Update UTMP about System Boot/Shutdown.
[[0;32m  OK  [0m] Started AppArmor initialization.
         Starting Initial cloud-init job (pre-networking)...
         Starting Load AppArmor profiles managed internally by snapd...
[[0;32m  OK  [0m] Started Load AppArmor profiles managed internally by snapd.
[[0;32m  OK  [0m] Found device /dev/ttyS0.
[[0;32m  OK  [0m] Listening on Load/Save RF Kill Switch Status /dev/rfkill Watch.
[   17.173219] cloud-init[497]: Cloud-init v. 21.2-3-g899bfaa9-0ubuntu2~18.04.1 running 'init-local' at Sat, 09 Oct 2021 18:06:43 +0000. Up 16.89 seconds.
[[0;32m  OK  [0m] Started Initial cloud-init job (pre-networking).
[[0;32m  OK  [0m] Reached target Network (Pre).
         Starting Network Service...
[[0;32m  OK  [0m] Started Network Service.
         Starting Wait for Network to be Configured...
         Starting Network Name Resolution...
[[0;32m  OK  [0m] Started Network Name Resolution.
[[0;32m  OK  [0m] Reached target Network.
[[0;32m  OK  [0m] Reached target Host and Network Name Lookups.
[[0;32m  OK  [0m] Started Wait for Network to be Configured.
         Starting Initial cloud-init job (metadata service crawler)...
[   21.221140] cloud-init[651]: Cloud-init v. 21.2-3-g899bfaa9-0ubuntu2~18.04.1 running 'init' at Sat, 09 Oct 2021 18:06:48 +0000. Up 21.00 seconds.
[   21.246713] cloud-init[651]: ci-info: +++++++++++++++++++++++++++++++++++++Net device info++++++++++++++++++++++++++++++++++++++
[   21.272198] cloud-init[651]: ci-info: +--------+------+---------------------------+---------------+--------+-------------------+
[   21.298902] cloud-init[651]: ci-info: | Device |  Up  |          Address          |      Mask     | Scope  |     Hw-Address    |
[   21.323258] cloud-init[651]: ci-info: +--------+------+---------------------------+---------------+--------+-------------------+
[   21.341454] cloud-init[651]: ci-info: | enp0s3 | True |         10.0.2.15         | 255.255.255.0 | global | 02:2f:77:f1:0c:e0 |
[   21.359146] cloud-init[651]: ci-info: | enp0s3 | True | fe80::2f:77ff:fef1:ce0/64 |       .       |  link  | 02:2f:77:f1:0c:e0 |
[   21.371768] cloud-init[651]: ci-info: | enp0s8 | True |       192.168.1.103       | 255.255.255.0 | global | 08:00:27:fc:00:3e |
[   21.392889] cloud-init[651]: ci-info: | enp0s8 | True | fe80::a00:27ff:fefc:3e/64 |       .       |  link  | 08:00:27:fc:00:3e |
[   21.411460] cloud-init[651]: ci-info: |   lo   | True |         127.0.0.1         |   255.0.0.0   |  host  |         .         |
[   21.432402] cloud-init[651]: ci-info: |   lo   | True |          ::1/128          |       .       |  host  |         .         |
[   21.445964] cloud-init[651]: ci-info: +--------+------+---------------------------+---------------+--------+-------------------+
[   21.457906] cloud-init[651]: ci-info: ++++++++++++++++++++++++++++Route IPv4 info+++++++++++++++++++++++++++++
[   21.469537] cloud-init[651]: ci-info: +-------+-------------+----------+-----------------+-----------+-------+
[   21.482335] cloud-init[651]: ci-info: | Route | Destination | Gateway  |     Genmask     | Interface | Flags |
[   21.495843] cloud-init[651]: ci-info: +-------+-------------+----------+-----------------+-----------+-------+
[   21.520022] cloud-init[651]: ci-info: |   0   |   0.0.0.0   | 10.0.2.2 |     0.0.0.0     |   enp0s3  |   UG  |
[   21.535986] cloud-init[651]: ci-info: |   1   |   10.0.2.0  | 0.0.0.0  |  255.255.255.0  |   enp0s3  |   U   |
[   21.549861] cloud-init[651]: ci-info: |   2   |   10.0.2.2  | 0.0.0.0  | 255.255.255.255 |   enp0s3  |   UH  |
[   21.562951] cloud-init[651]: ci-info: |   3   | 192.168.1.0 | 0.0.0.0  |  255.255.255.0  |   enp0s8  |   U   |
[   21.595276] cloud-init[651]: ci-info: +-------+-------------+----------+-----------------+-----------+-------+
[   21.618171] cloud-init[651]: ci-info: +++++++++++++++++++Route IPv6 info+++++++++++++++++++
[   21.634355] cloud-init[651]: ci-info: +-------+-------------+---------+-----------+-------+
[   21.655719] cloud-init[651]: ci-info: | Route | Destination | Gateway | Interface | Flags |
[   21.671498] cloud-init[651]: ci-info: +-------+-------------+---------+-----------+-------+
[   21.692291] cloud-init[651]: ci-info: |   1   |  fe80::/64  |    ::   |   enp0s8  |   U   |
[   21.701740] cloud-init[651]: ci-info: |   2   |  fe80::/64  |    ::   |   enp0s3  |   U   |
[   21.718420] [[0;32m  OK  [0m] cloud-init[651]: ci-info: |   4   |    local    |    ::   |   enp0s3  |   U   |Started Initial cloud-init job (metadata service crawler).
[[0;32m  OK  [0m] 
[   21.743141] Reached target Cloud-config availability.
[[0;32m  OK  [0mcloud-init] Reached target Network is Online.
[651]: ci-info: |   5   |    local    |    ::   |   enp0s8  |   U   |         Starting Availability of block devices...
[[0;32m  OK  [0m
[   21.774381] cloud-init] Reached target Remote File Systems (Pre).
         Mounting /vagrant...[651]: ci-info: |   6   |   ff00::/8  |    ::   |   enp0s8  |   U   |
[[0;32m  OK  [0m] Reached target System Initialization.
[[0;32m  OK  [0m
] Started Message of the Day.
[   21.824940] cloud-init[651]: ci-info: |   7   |   ff00::/8  |    ::   |   enp0s3  |   U   |[[0;32m  OK  [0m] Started Discard unused blocks once a week.
         Starting Socket activation for snappy daemon.
[
[   21.855716] [0;32m  OK  [0m] Listening on D-Bus System Message Bus Socket.
[cloud-init[0;32m  OK  [0m] Listening on Open-iSCSI iscsid Socket.[651]: ci-info: +-------+-------------+---------+-----------+-------+
[[0;32m  OK  [0m] Listening on ACPID Listen Socket.

[[0;32m  OK  [0m] Started Ubuntu Advantage update messaging.
[[0;32m  OK  [0m] Started ACPI Events Check.
[[0;32m  OK  [0m] Reached target Paths.
[[0;32m  OK  [0m] Started Daily apt download activities.
[[0;32m  OK  [0m] Started Daily apt upgrade and clean activities.
         Starting Docker Socket for the API.
[[0;32m  OK  [0m] Started Daily Cleanup of Temporary Directories.
[[0;32m  OK  [0m] Reached target Timers.
[[0;32m  OK  [0m] Listening on UUID daemon activation socket.
         Starting LXD - unix socket.
[[0;32m  OK  [0m] Started Availability of block devices.
[[0;32m  OK  [0m] Mounted /vagrant.
[[0;32m  OK  [0m] Listening on Socket activation for snappy daemon.
[[0;32m  OK  [0m] Listening on Docker Socket for the API.
[[0;32m  OK  [0m] Listening on LXD - unix socket.
[[0;32m  OK  [0m] Reached target Sockets.
[[0;32m  OK  [0m] Reached target Basic System.
         Starting Accounts Service...
         Starting Ubuntu FAN network setup...
         Starting LSB: Record successful boot for GRUB...
         Starting containerd container runtime...
         Starting Ubuntu Advantage APT and MOTD Messages...
         Starting Dispatcher daemon for systemd-networkd...
         Starting System Logging Service...
[[0;32m  OK  [0m] Started Deferred execution scheduler.
         Starting OpenBSD Secure Shell server...
[[0;32m  OK  [0m] Started Regular background program processing daemon.
[[0;32m  OK  [0m] Started D-Bus System Message Bus.
         Starting LXD - container startup/shutdown...
         Starting Virtualbox guest utils...
[[0;32m  OK  [0m] Started irqbalance daemon.
         Starting Message of the Day...
[[0;32m  OK  [0m] Started FUSE filesystem for LXC.
         Starting Login Service...
         Starting Snap Daemon...
[[0;32m  OK  [0m] Reached target Remote File Systems.
         Starting LSB: automatic crash report generation...
         Starting Permit User Sessions...
[[0;32m  OK  [0m] Started System Logging Service.
[[0;32m  OK  [0m] Started OpenBSD Secure Shell server.
[[0;32m  OK  [0m] Started Permit User Sessions.
         Starting Hold until boot process finishes up...
         Starting Terminate Plymouth Boot Screen...
         Starting Authorization Manager...
[[0;32m  OK  [0m] Started Hold until boot process finishes up.
[[0;32m  OK  [0m] Started Terminate Plymouth Boot Screen.
[[0;32m  OK  [0m] Started Login Service.
[[0;32m  OK  [0m] Started Unattended Upgrades Shutdown.
[[0;32m  OK  [0m] Started Serial Getty on ttyS0.
         Starting Set console scheme...
[[0;32m  OK  [0m] Started Set console scheme.
[[0;32m  OK  [0m] Created slice system-getty.slice.
[[0;32m  OK  [0m] Started Getty on tty1.
[[0;32m  OK  [0m] Reached target Login Prompts.
[[0;32m  OK  [0m] Started LSB: Record successful boot for GRUB.
[[0;32m  OK  [0m] Started Authorization Manager.
[[0;32m  OK  [0m] Started Accounts Service.
[[0;32m  OK  [0m] Started LSB: automatic crash report generation.
[[0;32m  OK  [0m] Started Dispatcher daemon for systemd-networkd.
[[0;32m  OK  [0m] Created slice User Slice of vagrant.
[[0;32m  OK  [0m] Started Virtualbox guest utils.
[[0;32m  OK  [0m] Started LXD - container startup/shutdown.
[[0;32m  OK  [0m] Started Session 1 of user vagrant.
         Starting User Manager for UID 1000...
[[0;32m  OK  [0m] Started User Manager for UID 1000.
[[0;32m  OK  [0m] Started Ubuntu FAN network setup.
[[0;32m  OK  [0m] Started containerd container runtime.
         Starting Docker Application Container Engine...
[[0;32m  OK  [0m] Started Snap Daemon.

Ubuntu 18.04.6 LTS worker03 ttyS0

worker03 login: [   32.955998] cloud-init[1312]: Cloud-init v. 21.2-3-g899bfaa9-0ubuntu2~18.04.1 running 'modules:config' at Sat, 09 Oct 2021 18:06:59 +0000. Up 32.39 seconds.
[   35.222623] cloud-init[1744]: Cloud-init v. 21.2-3-g899bfaa9-0ubuntu2~18.04.1 running 'modules:final' at Sat, 09 Oct 2021 18:07:02 +0000. Up 35.00 seconds.
[   35.266142] cloud-init[1744]: Cloud-init v. 21.2-3-g899bfaa9-0ubuntu2~18.04.1 finished at Sat, 09 Oct 2021 18:07:02 +0000. Datasource DataSourceNoCloud [seed=/dev/sdb][dsmode=net].  Up 35.19 seconds
[ 7367.569628] IPVS: rr: [ 7487.266744] IPVS: rr: FWM 271 0x0000010F - no destination available
FWM 273 0x00000111 - no destination available
